Arguments: 
  C:\Program Files\nodejs\node.exe C:\Program Files (x86)\Yarn\bin\yarn.js

PATH: 
  C:\Windows\system32;C:\Windows;C:\Windows\System32\Wbem;C:\Windows\System32\WindowsPowerShell\v1.0\;C:\Windows\System32\OpenSSH\;C:\Program Files\Microsoft SQL Server\150\Tools\Binn\;C:\Program Files\Microsoft SQL Server\Client SDK\ODBC\170\Tools\Binn\;C:\Program Files\dotnet\;C:\Program Files (x86)\Microsoft SQL Server\150\Tools\Binn\;C:\Program Files\Microsoft SQL Server\150\DTS\Binn\;C:\Program Files (x86)\Microsoft SQL Server\150\DTS\Binn\;C:\Program Files\Azure Data Studio\bin;C:\Program Files\Git\cmd;C:\Program Files\nodejs\;C:\Program Files (x86)\Yarn\bin\;C:\Users\Ngtinh\AppData\Local\Microsoft\WindowsApps;;C:\Users\Ngtinh\AppData\Local\Programs\Microsoft VS Code\bin;C:\Users\Ngtinh\.dotnet\tools;C:\Program Files\Azure Data Studio\bin;C:\Users\Ngtinh\AppData\Roaming\npm;C:\Users\Ngtinh\AppData\Local\Yarn\bin;C:\Program Files\heroku\bin

Yarn version: 
  1.22.19

Node version: 
  16.17.1

Platform: 
  win32 x64

Trace: 
  Error: EPERM: operation not permitted, unlink 'C:\Users\Ngtinh\Desktop\abc\node_modules\node-sass\vendor\win32-x64-93\binding.node'

npm manifest: 
  {
    "name": "blog",
    "version": "1.0.0",
    "description": "",
    "main": "src/index.js",
    "scripts": {
      "beautiful": "lint-staged",
      "start": "nodemon --inspect src/index.js",
      "watch": "node-sass --watch src/resources/scss/ --output src/public/css/",
      "test": "echo \"Error: no test specified\" && exit 1"
    },
    "repository": {
      "type": "git",
      "url": "git+https://github.com/sondnpt00343/nodejs_blog.git"
    },
    "keywords": [
      "f8",
      "blog",
      "f8",
      "nodejs",
      "nodejs"
    ],
    "author": "sondn",
    "license": "ISC",
    "bugs": {
      "url": "https://github.com/sondnpt00343/nodejs_blog/issues"
    },
    "homepage": "https://github.com/sondnpt00343/nodejs_blog#readme",
    "lint-staged": {
      "src/**/*.{js,json,scss}": "prettier --single-quote --trailing-comma all --tab-width 4 --write"
    },
    "husky": {
      "hooks": {
        "pre-commit": "lint-staged"
      }
    },
    "dependencies": {
      "express": "^4.17.1",
      "express-handlebars": "^5.1.0",
      "mongoose": "^5.9.27",
      "node-sass": "^7.0.3"
    },
    "devDependencies": {
      "handlebars": "^4.5.0",
      "husky": "^4.2.5",
      "lint-staged": "^10.2.11",
      "morgan": "^1.10.0",
      "nodemon": "^2.0.4",
      "prettier": "^2.0.5"
    }
  }

yarn manifest: 
  No manifest

Lockfile: 
  No lockfile
